[2.794s] Invoking command in '/root/firmware/ros_workspace/src/rover_controller': PYTHONPATH=/root/firmware/ros_workspace/build/rover_controller/prefix_override:/usr/lib/python3/dist-packages/colcon_core/task/python/colcon_distutils_commands:/root/firmware/ros_workspace/install/rover_controller/lib/python3.10/site-packages:${PYTHONPATH} /usr/bin/python3 -W ignore:setup.py install is deprecated setup.py egg_info --egg-base ../../build/rover_controller build --build-base /root/firmware/ros_workspace/build/rover_controller/build install --record /root/firmware/ros_workspace/build/rover_controller/install.log --single-version-externally-managed install_data
[3.582s] running egg_info
[3.582s] writing ../../build/rover_controller/rover_controller.egg-info/PKG-INFO
[3.584s] writing dependency_links to ../../build/rover_controller/rover_controller.egg-info/dependency_links.txt
[3.585s] writing entry points to ../../build/rover_controller/rover_controller.egg-info/entry_points.txt
[3.586s] writing requirements to ../../build/rover_controller/rover_controller.egg-info/requires.txt
[3.586s] writing top-level names to ../../build/rover_controller/rover_controller.egg-info/top_level.txt
[3.593s] reading manifest file '../../build/rover_controller/rover_controller.egg-info/SOURCES.txt'
[3.596s] writing manifest file '../../build/rover_controller/rover_controller.egg-info/SOURCES.txt'
[3.597s] running build
[3.597s] running build_py
[3.598s] running install
[3.599s] running install_lib
[3.605s] running install_data
[3.606s] running install_egg_info
[3.617s] removing '/root/firmware/ros_workspace/install/rover_controller/lib/python3.10/site-packages/rover_controller-0.0.0-py3.10.egg-info' (and everything under it)
[3.617s] Copying ../../build/rover_controller/rover_controller.egg-info to /root/firmware/ros_workspace/install/rover_controller/lib/python3.10/site-packages/rover_controller-0.0.0-py3.10.egg-info
[3.619s] running install_scripts
[3.710s] Installing rover_controller script to /root/firmware/ros_workspace/install/rover_controller/lib/rover_controller
[3.713s] writing list of installed files to '/root/firmware/ros_workspace/build/rover_controller/install.log'
[3.896s] Invoked command in '/root/firmware/ros_workspace/src/rover_controller' returned '0': PYTHONPATH=/root/firmware/ros_workspace/build/rover_controller/prefix_override:/usr/lib/python3/dist-packages/colcon_core/task/python/colcon_distutils_commands:/root/firmware/ros_workspace/install/rover_controller/lib/python3.10/site-packages:${PYTHONPATH} /usr/bin/python3 -W ignore:setup.py install is deprecated setup.py egg_info --egg-base ../../build/rover_controller build --build-base /root/firmware/ros_workspace/build/rover_controller/build install --record /root/firmware/ros_workspace/build/rover_controller/install.log --single-version-externally-managed install_data
