[2.584s] Invoking command in '/root/firmware/ros_workspace/src/rover_camera': PYTHONPATH=/root/firmware/ros_workspace/src/build/rover_camera/prefix_override:/usr/local/lib/python3.10/dist-packages/colcon_core/task/python/colcon_distutils_commands:/root/firmware/ros_workspace/src/install/rover_camera/lib/python3.10/site-packages: /usr/bin/python3 -W ignore:setup.py install is deprecated setup.py egg_info --egg-base ../build/rover_camera build --build-base /root/firmware/ros_workspace/src/build/rover_camera/build install --record /root/firmware/ros_workspace/src/build/rover_camera/install.log --single-version-externally-managed install_data
[3.244s] running egg_info
[3.246s] creating ../build/rover_camera/rover_camera.egg-info
[3.246s] writing ../build/rover_camera/rover_camera.egg-info/PKG-INFO
[3.248s] writing dependency_links to ../build/rover_camera/rover_camera.egg-info/dependency_links.txt
[3.252s] writing entry points to ../build/rover_camera/rover_camera.egg-info/entry_points.txt
[3.252s] writing requirements to ../build/rover_camera/rover_camera.egg-info/requires.txt
[3.253s] writing top-level names to ../build/rover_camera/rover_camera.egg-info/top_level.txt
[3.253s] writing manifest file '../build/rover_camera/rover_camera.egg-info/SOURCES.txt'
[3.256s] reading manifest file '../build/rover_camera/rover_camera.egg-info/SOURCES.txt'
[3.260s] writing manifest file '../build/rover_camera/rover_camera.egg-info/SOURCES.txt'
[3.264s] running build
[3.264s] running build_py
[3.266s] creating /root/firmware/ros_workspace/src/build/rover_camera/build
[3.266s] creating /root/firmware/ros_workspace/src/build/rover_camera/build/lib
[3.267s] creating /root/firmware/ros_workspace/src/build/rover_camera/build/lib/rover_camera
[3.268s] copying rover_camera/rover_camera.py -> /root/firmware/ros_workspace/src/build/rover_camera/build/lib/rover_camera
[3.269s] copying rover_camera/__init__.py -> /root/firmware/ros_workspace/src/build/rover_camera/build/lib/rover_camera
[3.270s] running install
[3.271s] running install_lib
[3.273s] creating /root/firmware/ros_workspace/src/install/rover_camera/lib/python3.10/site-packages/rover_camera
[3.274s] copying /root/firmware/ros_workspace/src/build/rover_camera/build/lib/rover_camera/rover_camera.py -> /root/firmware/ros_workspace/src/install/rover_camera/lib/python3.10/site-packages/rover_camera
[3.275s] copying /root/firmware/ros_workspace/src/build/rover_camera/build/lib/rover_camera/__init__.py -> /root/firmware/ros_workspace/src/install/rover_camera/lib/python3.10/site-packages/rover_camera
[3.277s] byte-compiling /root/firmware/ros_workspace/src/install/rover_camera/lib/python3.10/site-packages/rover_camera/rover_camera.py to rover_camera.cpython-310.pyc
[3.278s] byte-compiling /root/firmware/ros_workspace/src/install/rover_camera/lib/python3.10/site-packages/rover_camera/__init__.py to __init__.cpython-310.pyc
[3.280s] running install_data
[3.281s] creating /root/firmware/ros_workspace/src/install/rover_camera/share/ament_index
[3.282s] creating /root/firmware/ros_workspace/src/install/rover_camera/share/ament_index/resource_index
[3.283s] creating /root/firmware/ros_workspace/src/install/rover_camera/share/ament_index/resource_index/packages
[3.284s] copying resource/rover_camera -> /root/firmware/ros_workspace/src/install/rover_camera/share/ament_index/resource_index/packages
[3.286s] copying package.xml -> /root/firmware/ros_workspace/src/install/rover_camera/share/rover_camera
[3.287s] running install_egg_info
[3.290s] Copying ../build/rover_camera/rover_camera.egg-info to /root/firmware/ros_workspace/src/install/rover_camera/lib/python3.10/site-packages/rover_camera-0.0.0-py3.10.egg-info
[3.293s] running install_scripts
[3.378s] writing list of installed files to '/root/firmware/ros_workspace/src/build/rover_camera/install.log'
[3.630s] Invoked command in '/root/firmware/ros_workspace/src/rover_camera' returned '0': PYTHONPATH=/root/firmware/ros_workspace/src/build/rover_camera/prefix_override:/usr/local/lib/python3.10/dist-packages/colcon_core/task/python/colcon_distutils_commands:/root/firmware/ros_workspace/src/install/rover_camera/lib/python3.10/site-packages: /usr/bin/python3 -W ignore:setup.py install is deprecated setup.py egg_info --egg-base ../build/rover_camera build --build-base /root/firmware/ros_workspace/src/build/rover_camera/build install --record /root/firmware/ros_workspace/src/build/rover_camera/install.log --single-version-externally-managed install_data
