[2.808s] Invoking command in '/root/firmware/ros_workspace/src/rover_camera': PYTHONPATH=/root/firmware/ros_workspace/build/rover_camera/prefix_override:/usr/lib/python3/dist-packages/colcon_core/task/python/colcon_distutils_commands:/root/firmware/ros_workspace/install/rover_camera/lib/python3.10/site-packages:${PYTHONPATH} /usr/bin/python3 -W ignore:setup.py install is deprecated setup.py egg_info --egg-base ../../build/rover_camera build --build-base /root/firmware/ros_workspace/build/rover_camera/build install --record /root/firmware/ros_workspace/build/rover_camera/install.log --single-version-externally-managed install_data
[3.595s] running egg_info
[3.597s] writing ../../build/rover_camera/rover_camera.egg-info/PKG-INFO
[3.598s] writing dependency_links to ../../build/rover_camera/rover_camera.egg-info/dependency_links.txt
[3.600s] writing entry points to ../../build/rover_camera/rover_camera.egg-info/entry_points.txt
[3.601s] writing requirements to ../../build/rover_camera/rover_camera.egg-info/requires.txt
[3.601s] writing top-level names to ../../build/rover_camera/rover_camera.egg-info/top_level.txt
[3.607s] reading manifest file '../../build/rover_camera/rover_camera.egg-info/SOURCES.txt'
[3.611s] writing manifest file '../../build/rover_camera/rover_camera.egg-info/SOURCES.txt'
[3.612s] running build
[3.612s] running build_py
[3.614s] running install
[3.614s] running install_lib
[3.619s] running install_data
[3.619s] running install_egg_info
[3.626s] removing '/root/firmware/ros_workspace/install/rover_camera/lib/python3.10/site-packages/rover_camera-0.0.0-py3.10.egg-info' (and everything under it)
[3.629s] Copying ../../build/rover_camera/rover_camera.egg-info to /root/firmware/ros_workspace/install/rover_camera/lib/python3.10/site-packages/rover_camera-0.0.0-py3.10.egg-info
[3.633s] running install_scripts
[3.716s] writing list of installed files to '/root/firmware/ros_workspace/build/rover_camera/install.log'
[3.876s] Invoked command in '/root/firmware/ros_workspace/src/rover_camera' returned '0': PYTHONPATH=/root/firmware/ros_workspace/build/rover_camera/prefix_override:/usr/lib/python3/dist-packages/colcon_core/task/python/colcon_distutils_commands:/root/firmware/ros_workspace/install/rover_camera/lib/python3.10/site-packages:${PYTHONPATH} /usr/bin/python3 -W ignore:setup.py install is deprecated setup.py egg_info --egg-base ../../build/rover_camera build --build-base /root/firmware/ros_workspace/build/rover_camera/build install --record /root/firmware/ros_workspace/build/rover_camera/install.log --single-version-externally-managed install_data
