[0.352s] DEBUG:colcon:Command line arguments: ['/usr/bin/colcon', 'build']
[0.353s] DEBUG:colcon:Parsed command line arguments: Namespace(log_base=None, log_level=None, verb_name='build', build_base='build', install_base='install', merge_install=False, symlink_install=False, test_result_base=None, continue_on_error=False, executor='parallel', parallel_workers=4, event_handlers=None, ignore_user_meta=False, metas=['./colcon.meta'], base_paths=['.'], packages_ignore=None, packages_ignore_regex=None, paths=None, packages_up_to=None, packages_up_to_regex=None, packages_above=None, packages_above_and_dependencies=None, packages_above_depth=None, packages_select_by_dep=None, packages_skip_by_dep=None, packages_skip_up_to=None, packages_select_build_failed=False, packages_skip_build_finished=False, packages_select_test_failures=False, packages_skip_test_passed=False, packages_select=None, packages_skip=None, packages_select_regex=None, packages_skip_regex=None, packages_start=None, packages_end=None, allow_overriding=[], cmake_args=None, cmake_target=None, cmake_target_skip_unavailable=False, cmake_clean_cache=False, cmake_clean_first=False, cmake_force_configure=False, ament_cmake_args=None, catkin_cmake_args=None, catkin_skip_building_tests=False, verb_parser=<colcon_defaults.argument_parser.defaults.DefaultArgumentsDecorator object at 0x7f9a40d870>, verb_extension=<colcon_core.verb.build.BuildVerb object at 0x7f9a5a64d0>, main=<bound method BuildVerb.main of <colcon_core.verb.build.BuildVerb object at 0x7f9a5a64d0>>)
[0.780s] Level 1:colcon.colcon_core.package_discovery:discover_packages(colcon_meta) check parameters
[0.780s] Level 1:colcon.colcon_core.package_discovery:discover_packages(recursive) check parameters
[0.780s] Level 1:colcon.colcon_core.package_discovery:discover_packages(ignore) check parameters
[0.780s] Level 1:colcon.colcon_core.package_discovery:discover_packages(path) check parameters
[0.780s] Level 1:colcon.colcon_core.package_discovery:discover_packages(colcon_meta) discover
[0.781s] Level 1:colcon.colcon_core.package_discovery:discover_packages(recursive) discover
[0.781s] INFO:colcon.colcon_core.package_discovery:Crawling recursively for packages in '/root/firmware/ros_workspace'
[0.781s] Level 1:colcon.colcon_core.package_identification:_identify(.) by extensions ['ignore', 'ignore_ament_install']
[0.782s] Level 1:colcon.colcon_core.package_identification:_identify(.) by extension 'ignore'
[0.782s] Level 1:colcon.colcon_core.package_identification:_identify(.) by extension 'ignore_ament_install'
[0.783s] Level 1:colcon.colcon_core.package_identification:_identify(.) by extensions ['colcon_pkg']
[0.783s] Level 1:colcon.colcon_core.package_identification:_identify(.) by extension 'colcon_pkg'
[0.783s] Level 1:colcon.colcon_core.package_identification:_identify(.) by extensions ['colcon_meta']
[0.783s] Level 1:colcon.colcon_core.package_identification:_identify(.) by extension 'colcon_meta'
[0.783s] Level 1:colcon.colcon_core.package_identification:_identify(.) by extensions ['ros']
[0.783s] Level 1:colcon.colcon_core.package_identification:_identify(.) by extension 'ros'
[0.830s] Level 1:colcon.colcon_core.package_identification:_identify(.) by extensions ['cmake', 'python']
[0.830s] Level 1:colcon.colcon_core.package_identification:_identify(.) by extension 'cmake'
[0.830s] Level 1:colcon.colcon_core.package_identification:_identify(.) by extension 'python'
[0.830s] Level 1:colcon.colcon_core.package_identification:_identify(.) by extensions ['python_setup_py']
[0.831s] Level 1:colcon.colcon_core.package_identification:_identify(.) by extension 'python_setup_py'
[0.831s] Level 1:colcon.colcon_core.package_identification:_identify(build) by extensions ['ignore', 'ignore_ament_install']
[0.831s] Level 1:colcon.colcon_core.package_identification:_identify(build) by extension 'ignore'
[0.831s] Level 1:colcon.colcon_core.package_identification:_identify(build) ignored
[0.832s] Level 1:colcon.colcon_core.package_identification:_identify(install) by extensions ['ignore', 'ignore_ament_install']
[0.832s] Level 1:colcon.colcon_core.package_identification:_identify(install) by extension 'ignore'
[0.832s] Level 1:colcon.colcon_core.package_identification:_identify(install) ignored
[0.832s] Level 1:colcon.colcon_core.package_identification:_identify(log) by extensions ['ignore', 'ignore_ament_install']
[0.833s] Level 1:colcon.colcon_core.package_identification:_identify(log) by extension 'ignore'
[0.833s] Level 1:colcon.colcon_core.package_identification:_identify(log) ignored
[0.833s] Level 1:colcon.colcon_core.package_identification:_identify(src) by extensions ['ignore', 'ignore_ament_install']
[0.833s] Level 1:colcon.colcon_core.package_identification:_identify(src) by extension 'ignore'
[0.834s] Level 1:colcon.colcon_core.package_identification:_identify(src) by extension 'ignore_ament_install'
[0.834s] Level 1:colcon.colcon_core.package_identification:_identify(src) by extensions ['colcon_pkg']
[0.834s] Level 1:colcon.colcon_core.package_identification:_identify(src) by extension 'colcon_pkg'
[0.834s] Level 1:colcon.colcon_core.package_identification:_identify(src) by extensions ['colcon_meta']
[0.834s] Level 1:colcon.colcon_core.package_identification:_identify(src) by extension 'colcon_meta'
[0.834s] Level 1:colcon.colcon_core.package_identification:_identify(src) by extensions ['ros']
[0.834s] Level 1:colcon.colcon_core.package_identification:_identify(src) by extension 'ros'
[0.835s] Level 1:colcon.colcon_core.package_identification:_identify(src) by extensions ['cmake', 'python']
[0.835s] Level 1:colcon.colcon_core.package_identification:_identify(src) by extension 'cmake'
[0.835s] Level 1:colcon.colcon_core.package_identification:_identify(src) by extension 'python'
[0.835s] Level 1:colcon.colcon_core.package_identification:_identify(src) by extensions ['python_setup_py']
[0.835s] Level 1:colcon.colcon_core.package_identification:_identify(src) by extension 'python_setup_py'
[0.835s] Level 1:colcon.colcon_core.package_identification:_identify(src/rover_camera) by extensions ['ignore', 'ignore_ament_install']
[0.836s] Level 1:colcon.colcon_core.package_identification:_identify(src/rover_camera) by extension 'ignore'
[0.836s] Level 1:colcon.colcon_core.package_identification:_identify(src/rover_camera) by extension 'ignore_ament_install'
[0.836s] Level 1:colcon.colcon_core.package_identification:_identify(src/rover_camera) by extensions ['colcon_pkg']
[0.836s] Level 1:colcon.colcon_core.package_identification:_identify(src/rover_camera) by extension 'colcon_pkg'
[0.836s] Level 1:colcon.colcon_core.package_identification:_identify(src/rover_camera) by extensions ['colcon_meta']
[0.836s] Level 1:colcon.colcon_core.package_identification:_identify(src/rover_camera) by extension 'colcon_meta'
[0.837s] Level 1:colcon.colcon_core.package_identification:_identify(src/rover_camera) by extensions ['ros']
[0.837s] Level 1:colcon.colcon_core.package_identification:_identify(src/rover_camera) by extension 'ros'
[0.845s] DEBUG:colcon.colcon_core.package_identification:Package 'src/rover_camera' with type 'ros.ament_python' and name 'rover_camera'
[0.845s] Level 1:colcon.colcon_core.package_identification:_identify(src/rover_controller) by extensions ['ignore', 'ignore_ament_install']
[0.845s] Level 1:colcon.colcon_core.package_identification:_identify(src/rover_controller) by extension 'ignore'
[0.846s] Level 1:colcon.colcon_core.package_identification:_identify(src/rover_controller) by extension 'ignore_ament_install'
[0.846s] Level 1:colcon.colcon_core.package_identification:_identify(src/rover_controller) by extensions ['colcon_pkg']
[0.846s] Level 1:colcon.colcon_core.package_identification:_identify(src/rover_controller) by extension 'colcon_pkg'
[0.846s] Level 1:colcon.colcon_core.package_identification:_identify(src/rover_controller) by extensions ['colcon_meta']
[0.846s] Level 1:colcon.colcon_core.package_identification:_identify(src/rover_controller) by extension 'colcon_meta'
[0.846s] Level 1:colcon.colcon_core.package_identification:_identify(src/rover_controller) by extensions ['ros']
[0.846s] Level 1:colcon.colcon_core.package_identification:_identify(src/rover_controller) by extension 'ros'
[0.848s] DEBUG:colcon.colcon_core.package_identification:Package 'src/rover_controller' with type 'ros.ament_python' and name 'rover_controller'
[0.849s] Level 1:colcon.colcon_core.package_discovery:discover_packages(recursive) using defaults
[0.849s] Level 1:colcon.colcon_core.package_discovery:discover_packages(ignore) discover
[0.849s] Level 1:colcon.colcon_core.package_discovery:discover_packages(ignore) using defaults
[0.849s] Level 1:colcon.colcon_core.package_discovery:discover_packages(path) discover
[0.849s] Level 1:colcon.colcon_core.package_discovery:discover_packages(path) using defaults
[0.922s] Level 1:colcon.colcon_core.package_discovery:discover_packages(prefix_path) check parameters
[0.922s] Level 1:colcon.colcon_core.package_discovery:discover_packages(prefix_path) discover
[0.929s] DEBUG:colcon.colcon_installed_package_information.package_discovery:Found 2 installed packages in /root/firmware/ros_workspace/install
[0.930s] DEBUG:colcon.colcon_installed_package_information.package_discovery:Found 2 installed packages in /root/firmware/src/install
[0.932s] DEBUG:colcon.colcon_installed_package_information.package_discovery:Found 2 installed packages in /root/firmware/install
[0.936s] DEBUG:colcon.colcon_installed_package_information.package_discovery:Found 145 installed packages in /opt/ros/humble
[0.939s] Level 1:colcon.colcon_core.package_discovery:discover_packages(prefix_path) using defaults
[1.020s] Level 5:colcon.colcon_core.verb:set package 'rover_camera' build argument 'cmake_args' from command line to 'None'
[1.021s] Level 5:colcon.colcon_core.verb:set package 'rover_camera' build argument 'cmake_target' from command line to 'None'
[1.021s] Level 5:colcon.colcon_core.verb:set package 'rover_camera' build argument 'cmake_target_skip_unavailable' from command line to 'False'
[1.021s] Level 5:colcon.colcon_core.verb:set package 'rover_camera' build argument 'cmake_clean_cache' from command line to 'False'
[1.021s] Level 5:colcon.colcon_core.verb:set package 'rover_camera' build argument 'cmake_clean_first' from command line to 'False'
[1.021s] Level 5:colcon.colcon_core.verb:set package 'rover_camera' build argument 'cmake_force_configure' from command line to 'False'
[1.021s] Level 5:colcon.colcon_core.verb:set package 'rover_camera' build argument 'ament_cmake_args' from command line to 'None'
[1.021s] Level 5:colcon.colcon_core.verb:set package 'rover_camera' build argument 'catkin_cmake_args' from command line to 'None'
[1.021s] Level 5:colcon.colcon_core.verb:set package 'rover_camera' build argument 'catkin_skip_building_tests' from command line to 'False'
[1.021s] DEBUG:colcon.colcon_core.verb:Building package 'rover_camera' with the following arguments: {'ament_cmake_args': None, 'build_base': '/root/firmware/ros_workspace/build/rover_camera', 'catkin_cmake_args': None, 'catkin_skip_building_tests': False, 'cmake_args': None, 'cmake_clean_cache': False, 'cmake_clean_first': False, 'cmake_force_configure': False, 'cmake_target': None, 'cmake_target_skip_unavailable': False, 'install_base': '/root/firmware/ros_workspace/install/rover_camera', 'merge_install': False, 'path': '/root/firmware/ros_workspace/src/rover_camera', 'symlink_install': False, 'test_result_base': None}
[1.023s] Level 5:colcon.colcon_core.verb:set package 'rover_controller' build argument 'cmake_args' from command line to 'None'
[1.023s] Level 5:colcon.colcon_core.verb:set package 'rover_controller' build argument 'cmake_target' from command line to 'None'
[1.023s] Level 5:colcon.colcon_core.verb:set package 'rover_controller' build argument 'cmake_target_skip_unavailable' from command line to 'False'
[1.023s] Level 5:colcon.colcon_core.verb:set package 'rover_controller' build argument 'cmake_clean_cache' from command line to 'False'
[1.023s] Level 5:colcon.colcon_core.verb:set package 'rover_controller' build argument 'cmake_clean_first' from command line to 'False'
[1.023s] Level 5:colcon.colcon_core.verb:set package 'rover_controller' build argument 'cmake_force_configure' from command line to 'False'
[1.023s] Level 5:colcon.colcon_core.verb:set package 'rover_controller' build argument 'ament_cmake_args' from command line to 'None'
[1.023s] Level 5:colcon.colcon_core.verb:set package 'rover_controller' build argument 'catkin_cmake_args' from command line to 'None'
[1.023s] Level 5:colcon.colcon_core.verb:set package 'rover_controller' build argument 'catkin_skip_building_tests' from command line to 'False'
[1.024s] DEBUG:colcon.colcon_core.verb:Building package 'rover_controller' with the following arguments: {'ament_cmake_args': None, 'build_base': '/root/firmware/ros_workspace/build/rover_controller', 'catkin_cmake_args': None, 'catkin_skip_building_tests': False, 'cmake_args': None, 'cmake_clean_cache': False, 'cmake_clean_first': False, 'cmake_force_configure': False, 'cmake_target': None, 'cmake_target_skip_unavailable': False, 'install_base': '/root/firmware/ros_workspace/install/rover_controller', 'merge_install': False, 'path': '/root/firmware/ros_workspace/src/rover_controller', 'symlink_install': False, 'test_result_base': None}
[1.024s] INFO:colcon.colcon_core.executor:Executing jobs using 'parallel' executor
[1.027s] DEBUG:colcon.colcon_parallel_executor.executor.parallel:run_until_complete
[1.028s] INFO:colcon.colcon_ros.task.ament_python.build:Building ROS package in '/root/firmware/ros_workspace/src/rover_camera' with build type 'ament_python'
[1.029s] Level 1:colcon.colcon_core.shell:create_environment_hook('rover_camera', 'ament_prefix_path')
[1.037s] INFO:colcon.colcon_core.plugin_system:Skipping extension 'colcon_core.shell.bat': Not used on non-Windows systems
[1.037s] INFO:colcon.colcon_core.shell:Creating environment hook '/root/firmware/ros_workspace/install/rover_camera/share/rover_camera/hook/ament_prefix_path.ps1'
[1.040s] INFO:colcon.colcon_core.shell:Creating environment descriptor '/root/firmware/ros_workspace/install/rover_camera/share/rover_camera/hook/ament_prefix_path.dsv'
[1.042s] INFO:colcon.colcon_core.shell:Creating environment hook '/root/firmware/ros_workspace/install/rover_camera/share/rover_camera/hook/ament_prefix_path.sh'
[1.045s] INFO:colcon.colcon_core.shell:Skip shell extension 'powershell' for command environment: Not usable outside of PowerShell
[1.046s] DEBUG:colcon.colcon_core.shell:Skip shell extension 'dsv' for command environment
[1.059s] INFO:colcon.colcon_ros.task.ament_python.build:Building ROS package in '/root/firmware/ros_workspace/src/rover_controller' with build type 'ament_python'
[1.060s] Level 1:colcon.colcon_core.shell:create_environment_hook('rover_controller', 'ament_prefix_path')
[1.061s] INFO:colcon.colcon_core.shell:Creating environment hook '/root/firmware/ros_workspace/install/rover_controller/share/rover_controller/hook/ament_prefix_path.ps1'
[1.063s] INFO:colcon.colcon_core.shell:Creating environment descriptor '/root/firmware/ros_workspace/install/rover_controller/share/rover_controller/hook/ament_prefix_path.dsv'
[1.065s] INFO:colcon.colcon_core.shell:Creating environment hook '/root/firmware/ros_workspace/install/rover_controller/share/rover_controller/hook/ament_prefix_path.sh'
[1.067s] INFO:colcon.colcon_core.shell:Skip shell extension 'powershell' for command environment: Not usable outside of PowerShell
[1.067s] DEBUG:colcon.colcon_core.shell:Skip shell extension 'dsv' for command environment
[1.833s] INFO:colcon.colcon_core.task.python.build:Building Python package in '/root/firmware/ros_workspace/src/rover_camera'
[1.834s] INFO:colcon.colcon_core.shell:Skip shell extension 'powershell' for command environment: Not usable outside of PowerShell
[1.834s] DEBUG:colcon.colcon_core.shell:Skip shell extension 'dsv' for command environment
[2.593s] INFO:colcon.colcon_core.task.python.build:Building Python package in '/root/firmware/ros_workspace/src/rover_controller'
[2.594s] INFO:colcon.colcon_core.shell:Skip shell extension 'powershell' for command environment: Not usable outside of PowerShell
[2.594s] DEBUG:colcon.colcon_core.shell:Skip shell extension 'dsv' for command environment
[3.792s] DEBUG:colcon.colcon_core.event_handler.log_command:Invoking command in '/root/firmware/ros_workspace/src/rover_camera': PYTHONPATH=/root/firmware/ros_workspace/build/rover_camera/prefix_override:/usr/lib/python3/dist-packages/colcon_core/task/python/colcon_distutils_commands:/root/firmware/ros_workspace/install/rover_camera/lib/python3.10/site-packages:${PYTHONPATH} /usr/bin/python3 -W ignore:setup.py install is deprecated setup.py egg_info --egg-base ../../build/rover_camera build --build-base /root/firmware/ros_workspace/build/rover_camera/build install --record /root/firmware/ros_workspace/build/rover_camera/install.log --single-version-externally-managed install_data
[3.817s] DEBUG:colcon.colcon_core.event_handler.log_command:Invoking command in '/root/firmware/ros_workspace/src/rover_controller': PYTHONPATH=/root/firmware/ros_workspace/build/rover_controller/prefix_override:/usr/lib/python3/dist-packages/colcon_core/task/python/colcon_distutils_commands:/root/firmware/ros_workspace/install/rover_controller/lib/python3.10/site-packages:${PYTHONPATH} /usr/bin/python3 -W ignore:setup.py install is deprecated setup.py egg_info --egg-base ../../build/rover_controller build --build-base /root/firmware/ros_workspace/build/rover_controller/build install --record /root/firmware/ros_workspace/build/rover_controller/install.log --single-version-externally-managed install_data
[4.904s] DEBUG:colcon.colcon_core.event_handler.log_command:Invoked command in '/root/firmware/ros_workspace/src/rover_camera' returned '0': PYTHONPATH=/root/firmware/ros_workspace/build/rover_camera/prefix_override:/usr/lib/python3/dist-packages/colcon_core/task/python/colcon_distutils_commands:/root/firmware/ros_workspace/install/rover_camera/lib/python3.10/site-packages:${PYTHONPATH} /usr/bin/python3 -W ignore:setup.py install is deprecated setup.py egg_info --egg-base ../../build/rover_camera build --build-base /root/firmware/ros_workspace/build/rover_camera/build install --record /root/firmware/ros_workspace/build/rover_camera/install.log --single-version-externally-managed install_data
[4.913s] Level 1:colcon.colcon_core.environment:checking '/root/firmware/ros_workspace/install/rover_camera' for CMake module files
[4.914s] Level 1:colcon.colcon_core.environment:checking '/root/firmware/ros_workspace/install/rover_camera' for CMake config files
[4.916s] Level 1:colcon.colcon_core.environment:checking '/root/firmware/ros_workspace/install/rover_camera/lib'
[4.917s] Level 1:colcon.colcon_core.environment:checking '/root/firmware/ros_workspace/install/rover_camera/bin'
[4.917s] Level 1:colcon.colcon_core.environment:checking '/root/firmware/ros_workspace/install/rover_camera/lib/pkgconfig/rover_camera.pc'
[4.918s] Level 1:colcon.colcon_core.environment:checking '/root/firmware/ros_workspace/install/rover_camera/lib/python3.10/site-packages'
[4.918s] Level 1:colcon.colcon_core.shell:create_environment_hook('rover_camera', 'pythonpath')
[4.919s] INFO:colcon.colcon_core.shell:Creating environment hook '/root/firmware/ros_workspace/install/rover_camera/share/rover_camera/hook/pythonpath.ps1'
[4.920s] INFO:colcon.colcon_core.shell:Creating environment descriptor '/root/firmware/ros_workspace/install/rover_camera/share/rover_camera/hook/pythonpath.dsv'
[4.923s] INFO:colcon.colcon_core.shell:Creating environment hook '/root/firmware/ros_workspace/install/rover_camera/share/rover_camera/hook/pythonpath.sh'
[4.925s] Level 1:colcon.colcon_core.environment:checking '/root/firmware/ros_workspace/install/rover_camera/bin'
[4.926s] Level 1:colcon.colcon_core.environment:create_environment_scripts_only(rover_camera)
[4.927s] INFO:colcon.colcon_core.shell:Creating package script '/root/firmware/ros_workspace/install/rover_camera/share/rover_camera/package.ps1'
[4.930s] INFO:colcon.colcon_core.shell:Creating package descriptor '/root/firmware/ros_workspace/install/rover_camera/share/rover_camera/package.dsv'
[4.932s] INFO:colcon.colcon_core.shell:Creating package script '/root/firmware/ros_workspace/install/rover_camera/share/rover_camera/package.sh'
[4.935s] INFO:colcon.colcon_core.shell:Creating package script '/root/firmware/ros_workspace/install/rover_camera/share/rover_camera/package.bash'
[4.938s] INFO:colcon.colcon_core.shell:Creating package script '/root/firmware/ros_workspace/install/rover_camera/share/rover_camera/package.zsh'
[4.941s] Level 1:colcon.colcon_core.environment:create_file_with_runtime_dependencies(/root/firmware/ros_workspace/install/rover_camera/share/colcon-core/packages/rover_camera)
[4.947s] Level 1:colcon.colcon_core.environment:checking '/root/firmware/ros_workspace/install/rover_controller' for CMake module files
[4.948s] DEBUG:colcon.colcon_core.event_handler.log_command:Invoked command in '/root/firmware/ros_workspace/src/rover_controller' returned '0': PYTHONPATH=/root/firmware/ros_workspace/build/rover_controller/prefix_override:/usr/lib/python3/dist-packages/colcon_core/task/python/colcon_distutils_commands:/root/firmware/ros_workspace/install/rover_controller/lib/python3.10/site-packages:${PYTHONPATH} /usr/bin/python3 -W ignore:setup.py install is deprecated setup.py egg_info --egg-base ../../build/rover_controller build --build-base /root/firmware/ros_workspace/build/rover_controller/build install --record /root/firmware/ros_workspace/build/rover_controller/install.log --single-version-externally-managed install_data
[4.950s] Level 1:colcon.colcon_core.environment:checking '/root/firmware/ros_workspace/install/rover_controller' for CMake config files
[4.952s] Level 1:colcon.colcon_core.environment:checking '/root/firmware/ros_workspace/install/rover_controller/lib'
[4.953s] Level 1:colcon.colcon_core.environment:checking '/root/firmware/ros_workspace/install/rover_controller/bin'
[4.953s] Level 1:colcon.colcon_core.environment:checking '/root/firmware/ros_workspace/install/rover_controller/lib/pkgconfig/rover_controller.pc'
[4.954s] Level 1:colcon.colcon_core.environment:checking '/root/firmware/ros_workspace/install/rover_controller/lib/python3.10/site-packages'
[4.954s] Level 1:colcon.colcon_core.shell:create_environment_hook('rover_controller', 'pythonpath')
[4.955s] INFO:colcon.colcon_core.shell:Creating environment hook '/root/firmware/ros_workspace/install/rover_controller/share/rover_controller/hook/pythonpath.ps1'
[4.957s] INFO:colcon.colcon_core.shell:Creating environment descriptor '/root/firmware/ros_workspace/install/rover_controller/share/rover_controller/hook/pythonpath.dsv'
[4.959s] INFO:colcon.colcon_core.shell:Creating environment hook '/root/firmware/ros_workspace/install/rover_controller/share/rover_controller/hook/pythonpath.sh'
[4.961s] Level 1:colcon.colcon_core.environment:checking '/root/firmware/ros_workspace/install/rover_controller/bin'
[4.962s] Level 1:colcon.colcon_core.environment:create_environment_scripts_only(rover_controller)
[4.963s] INFO:colcon.colcon_core.shell:Creating package script '/root/firmware/ros_workspace/install/rover_controller/share/rover_controller/package.ps1'
[4.965s] INFO:colcon.colcon_core.shell:Creating package descriptor '/root/firmware/ros_workspace/install/rover_controller/share/rover_controller/package.dsv'
[4.967s] INFO:colcon.colcon_core.shell:Creating package script '/root/firmware/ros_workspace/install/rover_controller/share/rover_controller/package.sh'
[4.969s] INFO:colcon.colcon_core.shell:Creating package script '/root/firmware/ros_workspace/install/rover_controller/share/rover_controller/package.bash'
[4.971s] INFO:colcon.colcon_core.shell:Creating package script '/root/firmware/ros_workspace/install/rover_controller/share/rover_controller/package.zsh'
[4.972s] Level 1:colcon.colcon_core.environment:create_file_with_runtime_dependencies(/root/firmware/ros_workspace/install/rover_controller/share/colcon-core/packages/rover_controller)
[4.974s] DEBUG:colcon.colcon_parallel_executor.executor.parallel:closing loop
[4.975s] DEBUG:colcon.colcon_parallel_executor.executor.parallel:loop closed
[4.975s] DEBUG:colcon.colcon_parallel_executor.executor.parallel:run_until_complete finished with '0'
[4.975s] DEBUG:colcon.colcon_core.event_reactor:joining thread
[4.994s] INFO:colcon.colcon_core.plugin_system:Skipping extension 'colcon_notification.desktop_notification.notify_send': Could not find 'notify-send'
[4.994s] INFO:colcon.colcon_core.plugin_system:Skipping extension 'colcon_notification.desktop_notification.terminal_notifier': Not used on non-Darwin systems
[4.995s] INFO:colcon.colcon_core.plugin_system:Skipping extension 'colcon_notification.desktop_notification.win32': Not used on non-Windows systems
[4.995s] INFO:colcon.colcon_notification.desktop_notification:Sending desktop notification using 'notify2'
[4.995s] DEBUG:colcon.colcon_notification.desktop_notification.notify2:Failed to initialize notify2: org.freedesktop.DBus.Error.NotSupported: Unable to autolaunch a dbus-daemon without a $DISPLAY for X11
[4.995s] DEBUG:colcon.colcon_core.event_reactor:joined thread
[4.996s] INFO:colcon.colcon_core.shell:Creating prefix script '/root/firmware/ros_workspace/install/local_setup.ps1'
[5.000s] INFO:colcon.colcon_core.shell:Creating prefix util module '/root/firmware/ros_workspace/install/_local_setup_util_ps1.py'
[5.005s] INFO:colcon.colcon_core.shell:Creating prefix chain script '/root/firmware/ros_workspace/install/setup.ps1'
[5.010s] INFO:colcon.colcon_core.shell:Creating prefix script '/root/firmware/ros_workspace/install/local_setup.sh'
[5.012s] INFO:colcon.colcon_core.shell:Creating prefix util module '/root/firmware/ros_workspace/install/_local_setup_util_sh.py'
[5.014s] INFO:colcon.colcon_core.shell:Creating prefix chain script '/root/firmware/ros_workspace/install/setup.sh'
[5.019s] INFO:colcon.colcon_core.shell:Creating prefix script '/root/firmware/ros_workspace/install/local_setup.bash'
[5.021s] INFO:colcon.colcon_core.shell:Creating prefix chain script '/root/firmware/ros_workspace/install/setup.bash'
[5.026s] INFO:colcon.colcon_core.shell:Creating prefix script '/root/firmware/ros_workspace/install/local_setup.zsh'
[5.028s] INFO:colcon.colcon_core.shell:Creating prefix chain script '/root/firmware/ros_workspace/install/setup.zsh'
