[2.772s] Invoking command in '/root/firmware/ros_workspace/src/rover_controller': PYTHONPATH=/root/firmware/ros_workspace/build/rover_controller/prefix_override:/usr/lib/python3/dist-packages/colcon_core/task/python/colcon_distutils_commands:/root/firmware/ros_workspace/install/rover_controller/lib/python3.10/site-packages:${PYTHONPATH} /usr/bin/python3 -W ignore:setup.py install is deprecated setup.py egg_info --egg-base ../../build/rover_controller build --build-base /root/firmware/ros_workspace/build/rover_controller/build install --record /root/firmware/ros_workspace/build/rover_controller/install.log --single-version-externally-managed install_data
[3.542s] running egg_info
[3.545s] creating ../../build/rover_controller/rover_controller.egg-info
[3.546s] writing ../../build/rover_controller/rover_controller.egg-info/PKG-INFO
[3.546s] writing dependency_links to ../../build/rover_controller/rover_controller.egg-info/dependency_links.txt
[3.547s] writing entry points to ../../build/rover_controller/rover_controller.egg-info/entry_points.txt
[3.548s] writing requirements to ../../build/rover_controller/rover_controller.egg-info/requires.txt
[3.548s] writing top-level names to ../../build/rover_controller/rover_controller.egg-info/top_level.txt
[3.549s] writing manifest file '../../build/rover_controller/rover_controller.egg-info/SOURCES.txt'
[3.557s] reading manifest file '../../build/rover_controller/rover_controller.egg-info/SOURCES.txt'
[3.558s] writing manifest file '../../build/rover_controller/rover_controller.egg-info/SOURCES.txt'
[3.559s] running build
[3.559s] running build_py
[3.560s] creating /root/firmware/ros_workspace/build/rover_controller/build
[3.560s] creating /root/firmware/ros_workspace/build/rover_controller/build/lib
[3.561s] creating /root/firmware/ros_workspace/build/rover_controller/build/lib/rover_controller
[3.561s] copying rover_controller/__init__.py -> /root/firmware/ros_workspace/build/rover_controller/build/lib/rover_controller
[3.562s] copying rover_controller/rover_autonomous.py -> /root/firmware/ros_workspace/build/rover_controller/build/lib/rover_controller
[3.562s] copying rover_controller/rover_controller.py -> /root/firmware/ros_workspace/build/rover_controller/build/lib/rover_controller
[3.565s] running install
[3.565s] running install_lib
[3.568s] creating /root/firmware/ros_workspace/install/rover_controller/lib/python3.10/site-packages/rover_controller
[3.568s] copying /root/firmware/ros_workspace/build/rover_controller/build/lib/rover_controller/__init__.py -> /root/firmware/ros_workspace/install/rover_controller/lib/python3.10/site-packages/rover_controller
[3.570s] copying /root/firmware/ros_workspace/build/rover_controller/build/lib/rover_controller/rover_autonomous.py -> /root/firmware/ros_workspace/install/rover_controller/lib/python3.10/site-packages/rover_controller
[3.570s] copying /root/firmware/ros_workspace/build/rover_controller/build/lib/rover_controller/rover_controller.py -> /root/firmware/ros_workspace/install/rover_controller/lib/python3.10/site-packages/rover_controller
[3.572s] byte-compiling /root/firmware/ros_workspace/install/rover_controller/lib/python3.10/site-packages/rover_controller/__init__.py to __init__.cpython-310.pyc
[3.573s] byte-compiling /root/firmware/ros_workspace/install/rover_controller/lib/python3.10/site-packages/rover_controller/rover_autonomous.py to rover_autonomous.cpython-310.pyc
[3.574s] byte-compiling /root/firmware/ros_workspace/install/rover_controller/lib/python3.10/site-packages/rover_controller/rover_controller.py to rover_controller.cpython-310.pyc
[3.576s] running install_data
[3.577s] creating /root/firmware/ros_workspace/install/rover_controller/share/ament_index
[3.577s] creating /root/firmware/ros_workspace/install/rover_controller/share/ament_index/resource_index
[3.579s] creating /root/firmware/ros_workspace/install/rover_controller/share/ament_index/resource_index/packages
[3.579s] copying resource/rover_controller -> /root/firmware/ros_workspace/install/rover_controller/share/ament_index/resource_index/packages
[3.580s] copying package.xml -> /root/firmware/ros_workspace/install/rover_controller/share/rover_controller
[3.580s] running install_egg_info
[3.584s] Copying ../../build/rover_controller/rover_controller.egg-info to /root/firmware/ros_workspace/install/rover_controller/lib/python3.10/site-packages/rover_controller-0.0.0-py3.10.egg-info
[3.588s] running install_scripts
[3.669s] writing list of installed files to '/root/firmware/ros_workspace/build/rover_controller/install.log'
[3.895s] Invoked command in '/root/firmware/ros_workspace/src/rover_controller' returned '0': PYTHONPATH=/root/firmware/ros_workspace/build/rover_controller/prefix_override:/usr/lib/python3/dist-packages/colcon_core/task/python/colcon_distutils_commands:/root/firmware/ros_workspace/install/rover_controller/lib/python3.10/site-packages:${PYTHONPATH} /usr/bin/python3 -W ignore:setup.py install is deprecated setup.py egg_info --egg-base ../../build/rover_controller build --build-base /root/firmware/ros_workspace/build/rover_controller/build install --record /root/firmware/ros_workspace/build/rover_controller/install.log --single-version-externally-managed install_data
