[2.535s] Invoking command in '/root/firmware/ros_workspace/src/rover_controller': PYTHONPATH=/root/firmware/ros_workspace/src/build/rover_controller/prefix_override:/usr/local/lib/python3.10/dist-packages/colcon_core/task/python/colcon_distutils_commands:/root/firmware/ros_workspace/src/install/rover_controller/lib/python3.10/site-packages: /usr/bin/python3 -W ignore:setup.py install is deprecated setup.py egg_info --egg-base ../build/rover_controller build --build-base /root/firmware/ros_workspace/src/build/rover_controller/build install --record /root/firmware/ros_workspace/src/build/rover_controller/install.log --single-version-externally-managed install_data
[3.218s] running egg_info
[3.223s] creating ../build/rover_controller/rover_controller.egg-info
[3.223s] writing ../build/rover_controller/rover_controller.egg-info/PKG-INFO
[3.224s] writing dependency_links to ../build/rover_controller/rover_controller.egg-info/dependency_links.txt
[3.224s] writing entry points to ../build/rover_controller/rover_controller.egg-info/entry_points.txt
[3.225s] writing requirements to ../build/rover_controller/rover_controller.egg-info/requires.txt
[3.225s] writing top-level names to ../build/rover_controller/rover_controller.egg-info/top_level.txt
[3.225s] writing manifest file '../build/rover_controller/rover_controller.egg-info/SOURCES.txt'
[3.230s] reading manifest file '../build/rover_controller/rover_controller.egg-info/SOURCES.txt'
[3.233s] writing manifest file '../build/rover_controller/rover_controller.egg-info/SOURCES.txt'
[3.235s] running build
[3.236s] running build_py
[3.236s] creating /root/firmware/ros_workspace/src/build/rover_controller/build
[3.236s] creating /root/firmware/ros_workspace/src/build/rover_controller/build/lib
[3.236s] creating /root/firmware/ros_workspace/src/build/rover_controller/build/lib/rover_controller
[3.237s] copying rover_controller/__init__.py -> /root/firmware/ros_workspace/src/build/rover_controller/build/lib/rover_controller
[3.237s] copying rover_controller/rover_autonomous.py -> /root/firmware/ros_workspace/src/build/rover_controller/build/lib/rover_controller
[3.242s] copying rover_controller/rover_controller.py -> /root/firmware/ros_workspace/src/build/rover_controller/build/lib/rover_controller
[3.243s] running install
[3.245s] running install_lib
[3.247s] creating /root/firmware/ros_workspace/src/install/rover_controller/lib/python3.10/site-packages/rover_controller
[3.247s] copying /root/firmware/ros_workspace/src/build/rover_controller/build/lib/rover_controller/__init__.py -> /root/firmware/ros_workspace/src/install/rover_controller/lib/python3.10/site-packages/rover_controller
[3.249s] copying /root/firmware/ros_workspace/src/build/rover_controller/build/lib/rover_controller/rover_autonomous.py -> /root/firmware/ros_workspace/src/install/rover_controller/lib/python3.10/site-packages/rover_controller
[3.250s] copying /root/firmware/ros_workspace/src/build/rover_controller/build/lib/rover_controller/rover_controller.py -> /root/firmware/ros_workspace/src/install/rover_controller/lib/python3.10/site-packages/rover_controller
[3.251s] byte-compiling /root/firmware/ros_workspace/src/install/rover_controller/lib/python3.10/site-packages/rover_controller/__init__.py to __init__.cpython-310.pyc
[3.252s] byte-compiling /root/firmware/ros_workspace/src/install/rover_controller/lib/python3.10/site-packages/rover_controller/rover_autonomous.py to rover_autonomous.cpython-310.pyc
[3.254s] byte-compiling /root/firmware/ros_workspace/src/install/rover_controller/lib/python3.10/site-packages/rover_controller/rover_controller.py to rover_controller.cpython-310.pyc
[3.258s] running install_data
[3.259s] creating /root/firmware/ros_workspace/src/install/rover_controller/share/ament_index
[3.260s] creating /root/firmware/ros_workspace/src/install/rover_controller/share/ament_index/resource_index
[3.261s] creating /root/firmware/ros_workspace/src/install/rover_controller/share/ament_index/resource_index/packages
[3.262s] copying resource/rover_controller -> /root/firmware/ros_workspace/src/install/rover_controller/share/ament_index/resource_index/packages
[3.263s] copying package.xml -> /root/firmware/ros_workspace/src/install/rover_controller/share/rover_controller
[3.263s] running install_egg_info
[3.265s] Copying ../build/rover_controller/rover_controller.egg-info to /root/firmware/ros_workspace/src/install/rover_controller/lib/python3.10/site-packages/rover_controller-0.0.0-py3.10.egg-info
[3.269s] running install_scripts
[3.351s] Installing rover_controller script to /root/firmware/ros_workspace/src/install/rover_controller/lib/rover_controller
[3.354s] writing list of installed files to '/root/firmware/ros_workspace/src/build/rover_controller/install.log'
[3.540s] Invoked command in '/root/firmware/ros_workspace/src/rover_controller' returned '0': PYTHONPATH=/root/firmware/ros_workspace/src/build/rover_controller/prefix_override:/usr/local/lib/python3.10/dist-packages/colcon_core/task/python/colcon_distutils_commands:/root/firmware/ros_workspace/src/install/rover_controller/lib/python3.10/site-packages: /usr/bin/python3 -W ignore:setup.py install is deprecated setup.py egg_info --egg-base ../build/rover_controller build --build-base /root/firmware/ros_workspace/src/build/rover_controller/build install --record /root/firmware/ros_workspace/src/build/rover_controller/install.log --single-version-externally-managed install_data
