[0.406s] DEBUG:colcon:Command line arguments: ['/usr/local/bin/colcon', 'build']
[0.407s] DEBUG:colcon:Parsed command line arguments: Namespace(log_base=None, log_level=None, verb_name='build', build_base='build', install_base='install', merge_install=False, symlink_install=False, test_result_base=None, continue_on_error=False, executor='parallel', parallel_workers=4, event_handlers=None, ignore_user_meta=False, metas=['./colcon.meta'], base_paths=['.'], packages_ignore=None, packages_ignore_regex=None, paths=None, packages_up_to=None, packages_up_to_regex=None, packages_above=None, packages_above_and_dependencies=None, packages_above_depth=None, packages_select_by_dep=None, packages_skip_by_dep=None, packages_skip_up_to=None, packages_select_build_failed=False, packages_skip_build_finished=False, packages_select_test_failures=False, packages_skip_test_passed=False, packages_select=None, packages_skip=None, packages_select_regex=None, packages_skip_regex=None, packages_start=None, packages_end=None, cmake_args=None, cmake_target=None, cmake_target_skip_unavailable=False, cmake_clean_cache=False, cmake_clean_first=False, cmake_force_configure=False, ament_cmake_args=None, catkin_cmake_args=None, catkin_skip_building_tests=False, verb_parser=<colcon_defaults.argument_parser.defaults.DefaultArgumentsDecorator object at 0x7fa57cb670>, verb_extension=<colcon_core.verb.build.BuildVerb object at 0x7fa57cb160>, main=<bound method BuildVerb.main of <colcon_core.verb.build.BuildVerb object at 0x7fa57cb160>>)
[0.774s] Level 1:colcon.colcon_core.package_discovery:discover_packages(colcon_meta) check parameters
[0.775s] Level 1:colcon.colcon_core.package_discovery:discover_packages(recursive) check parameters
[0.775s] Level 1:colcon.colcon_core.package_discovery:discover_packages(ignore) check parameters
[0.775s] Level 1:colcon.colcon_core.package_discovery:discover_packages(path) check parameters
[0.775s] Level 1:colcon.colcon_core.package_discovery:discover_packages(colcon_meta) discover
[0.775s] Level 1:colcon.colcon_core.package_discovery:discover_packages(recursive) discover
[0.776s] INFO:colcon.colcon_core.package_discovery:Crawling recursively for packages in '/root/firmware/ros_workspace/src'
[0.776s] Level 1:colcon.colcon_core.package_identification:_identify(.) by extensions ['ignore', 'ignore_ament_install']
[0.776s] Level 1:colcon.colcon_core.package_identification:_identify(.) by extension 'ignore'
[0.777s] Level 1:colcon.colcon_core.package_identification:_identify(.) by extension 'ignore_ament_install'
[0.777s] Level 1:colcon.colcon_core.package_identification:_identify(.) by extensions ['colcon_pkg']
[0.777s] Level 1:colcon.colcon_core.package_identification:_identify(.) by extension 'colcon_pkg'
[0.777s] Level 1:colcon.colcon_core.package_identification:_identify(.) by extensions ['colcon_meta']
[0.777s] Level 1:colcon.colcon_core.package_identification:_identify(.) by extension 'colcon_meta'
[0.777s] Level 1:colcon.colcon_core.package_identification:_identify(.) by extensions ['ros']
[0.777s] Level 1:colcon.colcon_core.package_identification:_identify(.) by extension 'ros'
[0.820s] Level 1:colcon.colcon_core.package_identification:_identify(.) by extensions ['cmake', 'python']
[0.821s] Level 1:colcon.colcon_core.package_identification:_identify(.) by extension 'cmake'
[0.821s] Level 1:colcon.colcon_core.package_identification:_identify(.) by extension 'python'
[0.821s] Level 1:colcon.colcon_core.package_identification:_identify(.) by extensions ['python_setup_py']
[0.821s] Level 1:colcon.colcon_core.package_identification:_identify(.) by extension 'python_setup_py'
[0.822s] Level 1:colcon.colcon_core.package_identification:_identify(build) by extensions ['ignore', 'ignore_ament_install']
[0.822s] Level 1:colcon.colcon_core.package_identification:_identify(build) by extension 'ignore'
[0.822s] Level 1:colcon.colcon_core.package_identification:_identify(build) ignored
[0.823s] Level 1:colcon.colcon_core.package_identification:_identify(install) by extensions ['ignore', 'ignore_ament_install']
[0.823s] Level 1:colcon.colcon_core.package_identification:_identify(install) by extension 'ignore'
[0.823s] Level 1:colcon.colcon_core.package_identification:_identify(install) ignored
[0.824s] Level 1:colcon.colcon_core.package_identification:_identify(log) by extensions ['ignore', 'ignore_ament_install']
[0.824s] Level 1:colcon.colcon_core.package_identification:_identify(log) by extension 'ignore'
[0.824s] Level 1:colcon.colcon_core.package_identification:_identify(log) ignored
[0.824s] Level 1:colcon.colcon_core.package_identification:_identify(rover_camera) by extensions ['ignore', 'ignore_ament_install']
[0.825s] Level 1:colcon.colcon_core.package_identification:_identify(rover_camera) by extension 'ignore'
[0.825s] Level 1:colcon.colcon_core.package_identification:_identify(rover_camera) by extension 'ignore_ament_install'
[0.825s] Level 1:colcon.colcon_core.package_identification:_identify(rover_camera) by extensions ['colcon_pkg']
[0.825s] Level 1:colcon.colcon_core.package_identification:_identify(rover_camera) by extension 'colcon_pkg'
[0.825s] Level 1:colcon.colcon_core.package_identification:_identify(rover_camera) by extensions ['colcon_meta']
[0.825s] Level 1:colcon.colcon_core.package_identification:_identify(rover_camera) by extension 'colcon_meta'
[0.826s] Level 1:colcon.colcon_core.package_identification:_identify(rover_camera) by extensions ['ros']
[0.826s] Level 1:colcon.colcon_core.package_identification:_identify(rover_camera) by extension 'ros'
[0.836s] DEBUG:colcon.colcon_core.package_identification:Package 'rover_camera' with type 'ros.ament_python' and name 'rover_camera'
[0.836s] Level 1:colcon.colcon_core.package_identification:_identify(rover_controller) by extensions ['ignore', 'ignore_ament_install']
[0.836s] Level 1:colcon.colcon_core.package_identification:_identify(rover_controller) by extension 'ignore'
[0.837s] Level 1:colcon.colcon_core.package_identification:_identify(rover_controller) by extension 'ignore_ament_install'
[0.837s] Level 1:colcon.colcon_core.package_identification:_identify(rover_controller) by extensions ['colcon_pkg']
[0.837s] Level 1:colcon.colcon_core.package_identification:_identify(rover_controller) by extension 'colcon_pkg'
[0.837s] Level 1:colcon.colcon_core.package_identification:_identify(rover_controller) by extensions ['colcon_meta']
[0.837s] Level 1:colcon.colcon_core.package_identification:_identify(rover_controller) by extension 'colcon_meta'
[0.838s] Level 1:colcon.colcon_core.package_identification:_identify(rover_controller) by extensions ['ros']
[0.838s] Level 1:colcon.colcon_core.package_identification:_identify(rover_controller) by extension 'ros'
[0.840s] DEBUG:colcon.colcon_core.package_identification:Package 'rover_controller' with type 'ros.ament_python' and name 'rover_controller'
[0.840s] Level 1:colcon.colcon_core.package_discovery:discover_packages(recursive) using defaults
[0.840s] Level 1:colcon.colcon_core.package_discovery:discover_packages(ignore) discover
[0.841s] Level 1:colcon.colcon_core.package_discovery:discover_packages(ignore) using defaults
[0.841s] Level 1:colcon.colcon_core.package_discovery:discover_packages(path) discover
[0.841s] Level 1:colcon.colcon_core.package_discovery:discover_packages(path) using defaults
[0.913s] Level 5:colcon.colcon_core.verb:set package 'rover_camera' build argument 'cmake_args' from command line to 'None'
[0.913s] Level 5:colcon.colcon_core.verb:set package 'rover_camera' build argument 'cmake_target' from command line to 'None'
[0.914s] Level 5:colcon.colcon_core.verb:set package 'rover_camera' build argument 'cmake_target_skip_unavailable' from command line to 'False'
[0.914s] Level 5:colcon.colcon_core.verb:set package 'rover_camera' build argument 'cmake_clean_cache' from command line to 'False'
[0.914s] Level 5:colcon.colcon_core.verb:set package 'rover_camera' build argument 'cmake_clean_first' from command line to 'False'
[0.914s] Level 5:colcon.colcon_core.verb:set package 'rover_camera' build argument 'cmake_force_configure' from command line to 'False'
[0.914s] Level 5:colcon.colcon_core.verb:set package 'rover_camera' build argument 'ament_cmake_args' from command line to 'None'
[0.914s] Level 5:colcon.colcon_core.verb:set package 'rover_camera' build argument 'catkin_cmake_args' from command line to 'None'
[0.914s] Level 5:colcon.colcon_core.verb:set package 'rover_camera' build argument 'catkin_skip_building_tests' from command line to 'False'
[0.914s] DEBUG:colcon.colcon_core.verb:Building package 'rover_camera' with the following arguments: {'ament_cmake_args': None, 'build_base': '/root/firmware/ros_workspace/src/build/rover_camera', 'catkin_cmake_args': None, 'catkin_skip_building_tests': False, 'cmake_args': None, 'cmake_clean_cache': False, 'cmake_clean_first': False, 'cmake_force_configure': False, 'cmake_target': None, 'cmake_target_skip_unavailable': False, 'install_base': '/root/firmware/ros_workspace/src/install/rover_camera', 'merge_install': False, 'path': '/root/firmware/ros_workspace/src/rover_camera', 'symlink_install': False, 'test_result_base': None}
[0.916s] Level 5:colcon.colcon_core.verb:set package 'rover_controller' build argument 'cmake_args' from command line to 'None'
[0.916s] Level 5:colcon.colcon_core.verb:set package 'rover_controller' build argument 'cmake_target' from command line to 'None'
[0.916s] Level 5:colcon.colcon_core.verb:set package 'rover_controller' build argument 'cmake_target_skip_unavailable' from command line to 'False'
[0.916s] Level 5:colcon.colcon_core.verb:set package 'rover_controller' build argument 'cmake_clean_cache' from command line to 'False'
[0.916s] Level 5:colcon.colcon_core.verb:set package 'rover_controller' build argument 'cmake_clean_first' from command line to 'False'
[0.916s] Level 5:colcon.colcon_core.verb:set package 'rover_controller' build argument 'cmake_force_configure' from command line to 'False'
[0.916s] Level 5:colcon.colcon_core.verb:set package 'rover_controller' build argument 'ament_cmake_args' from command line to 'None'
[0.916s] Level 5:colcon.colcon_core.verb:set package 'rover_controller' build argument 'catkin_cmake_args' from command line to 'None'
[0.917s] Level 5:colcon.colcon_core.verb:set package 'rover_controller' build argument 'catkin_skip_building_tests' from command line to 'False'
[0.917s] DEBUG:colcon.colcon_core.verb:Building package 'rover_controller' with the following arguments: {'ament_cmake_args': None, 'build_base': '/root/firmware/ros_workspace/src/build/rover_controller', 'catkin_cmake_args': None, 'catkin_skip_building_tests': False, 'cmake_args': None, 'cmake_clean_cache': False, 'cmake_clean_first': False, 'cmake_force_configure': False, 'cmake_target': None, 'cmake_target_skip_unavailable': False, 'install_base': '/root/firmware/ros_workspace/src/install/rover_controller', 'merge_install': False, 'path': '/root/firmware/ros_workspace/src/rover_controller', 'symlink_install': False, 'test_result_base': None}
[0.917s] INFO:colcon.colcon_core.executor:Executing jobs using 'parallel' executor
[0.921s] DEBUG:colcon.colcon_parallel_executor.executor.parallel:run_until_complete
[0.922s] INFO:colcon.colcon_ros.task.ament_python.build:Building ROS package in '/root/firmware/ros_workspace/src/rover_camera' with build type 'ament_python'
[0.923s] Level 1:colcon.colcon_core.shell:create_environment_hook('rover_camera', 'ament_prefix_path')
[0.931s] INFO:colcon.colcon_core.plugin_system:Skipping extension 'colcon_core.shell.bat': Not used on non-Windows systems
[0.932s] INFO:colcon.colcon_core.shell:Creating environment hook '/root/firmware/ros_workspace/src/install/rover_camera/share/rover_camera/hook/ament_prefix_path.ps1'
[0.935s] INFO:colcon.colcon_core.shell:Creating environment descriptor '/root/firmware/ros_workspace/src/install/rover_camera/share/rover_camera/hook/ament_prefix_path.dsv'
[0.936s] INFO:colcon.colcon_core.shell:Creating environment hook '/root/firmware/ros_workspace/src/install/rover_camera/share/rover_camera/hook/ament_prefix_path.sh'
[0.939s] INFO:colcon.colcon_core.shell:Skip shell extension 'powershell' for command environment: Not usable outside of PowerShell
[0.940s] DEBUG:colcon.colcon_core.shell:Skip shell extension 'dsv' for command environment
[0.947s] INFO:colcon.colcon_ros.task.ament_python.build:Building ROS package in '/root/firmware/ros_workspace/src/rover_controller' with build type 'ament_python'
[0.947s] Level 1:colcon.colcon_core.shell:create_environment_hook('rover_controller', 'ament_prefix_path')
[0.948s] INFO:colcon.colcon_core.shell:Creating environment hook '/root/firmware/ros_workspace/src/install/rover_controller/share/rover_controller/hook/ament_prefix_path.ps1'
[0.951s] INFO:colcon.colcon_core.shell:Creating environment descriptor '/root/firmware/ros_workspace/src/install/rover_controller/share/rover_controller/hook/ament_prefix_path.dsv'
[0.953s] INFO:colcon.colcon_core.shell:Creating environment hook '/root/firmware/ros_workspace/src/install/rover_controller/share/rover_controller/hook/ament_prefix_path.sh'
[0.956s] INFO:colcon.colcon_core.shell:Skip shell extension 'powershell' for command environment: Not usable outside of PowerShell
[0.956s] DEBUG:colcon.colcon_core.shell:Skip shell extension 'dsv' for command environment
[1.627s] INFO:colcon.colcon_core.task.python.build:Building Python package in '/root/firmware/ros_workspace/src/rover_camera'
[1.629s] INFO:colcon.colcon_core.shell:Skip shell extension 'powershell' for command environment: Not usable outside of PowerShell
[1.629s] DEBUG:colcon.colcon_core.shell:Skip shell extension 'dsv' for command environment
[2.254s] INFO:colcon.colcon_core.task.python.build:Building Python package in '/root/firmware/ros_workspace/src/rover_controller'
[2.255s] INFO:colcon.colcon_core.shell:Skip shell extension 'powershell' for command environment: Not usable outside of PowerShell
[2.255s] DEBUG:colcon.colcon_core.shell:Skip shell extension 'dsv' for command environment
[3.484s] DEBUG:colcon.colcon_core.event_handler.log_command:Invoking command in '/root/firmware/ros_workspace/src/rover_controller': PYTHONPATH=/root/firmware/ros_workspace/src/build/rover_controller/prefix_override:/usr/local/lib/python3.10/dist-packages/colcon_core/task/python/colcon_distutils_commands:/root/firmware/ros_workspace/src/install/rover_controller/lib/python3.10/site-packages: /usr/bin/python3 -W ignore:setup.py install is deprecated setup.py egg_info --egg-base ../build/rover_controller build --build-base /root/firmware/ros_workspace/src/build/rover_controller/build install --record /root/firmware/ros_workspace/src/build/rover_controller/install.log --single-version-externally-managed install_data
[3.509s] DEBUG:colcon.colcon_core.event_handler.log_command:Invoking command in '/root/firmware/ros_workspace/src/rover_camera': PYTHONPATH=/root/firmware/ros_workspace/src/build/rover_camera/prefix_override:/usr/local/lib/python3.10/dist-packages/colcon_core/task/python/colcon_distutils_commands:/root/firmware/ros_workspace/src/install/rover_camera/lib/python3.10/site-packages: /usr/bin/python3 -W ignore:setup.py install is deprecated setup.py egg_info --egg-base ../build/rover_camera build --build-base /root/firmware/ros_workspace/src/build/rover_camera/build install --record /root/firmware/ros_workspace/src/build/rover_camera/install.log --single-version-externally-managed install_data
[4.490s] DEBUG:colcon.colcon_core.event_handler.log_command:Invoked command in '/root/firmware/ros_workspace/src/rover_controller' returned '0': PYTHONPATH=/root/firmware/ros_workspace/src/build/rover_controller/prefix_override:/usr/local/lib/python3.10/dist-packages/colcon_core/task/python/colcon_distutils_commands:/root/firmware/ros_workspace/src/install/rover_controller/lib/python3.10/site-packages: /usr/bin/python3 -W ignore:setup.py install is deprecated setup.py egg_info --egg-base ../build/rover_controller build --build-base /root/firmware/ros_workspace/src/build/rover_controller/build install --record /root/firmware/ros_workspace/src/build/rover_controller/install.log --single-version-externally-managed install_data
[4.506s] Level 1:colcon.colcon_core.environment:checking '/root/firmware/ros_workspace/src/install/rover_controller' for CMake module files
[4.508s] Level 1:colcon.colcon_core.environment:checking '/root/firmware/ros_workspace/src/install/rover_controller' for CMake config files
[4.511s] Level 1:colcon.colcon_core.environment:checking '/root/firmware/ros_workspace/src/install/rover_controller/lib'
[4.512s] Level 1:colcon.colcon_core.environment:checking '/root/firmware/ros_workspace/src/install/rover_controller/bin'
[4.515s] Level 1:colcon.colcon_core.environment:checking '/root/firmware/ros_workspace/src/install/rover_controller/lib/pkgconfig/rover_controller.pc'
[4.516s] Level 1:colcon.colcon_core.environment:checking '/root/firmware/ros_workspace/src/install/rover_controller/lib/python3.10/site-packages'
[4.517s] Level 1:colcon.colcon_core.shell:create_environment_hook('rover_controller', 'pythonpath')
[4.518s] INFO:colcon.colcon_core.shell:Creating environment hook '/root/firmware/ros_workspace/src/install/rover_controller/share/rover_controller/hook/pythonpath.ps1'
[4.520s] INFO:colcon.colcon_core.shell:Creating environment descriptor '/root/firmware/ros_workspace/src/install/rover_controller/share/rover_controller/hook/pythonpath.dsv'
[4.522s] INFO:colcon.colcon_core.shell:Creating environment hook '/root/firmware/ros_workspace/src/install/rover_controller/share/rover_controller/hook/pythonpath.sh'
[4.525s] Level 1:colcon.colcon_core.environment:checking '/root/firmware/ros_workspace/src/install/rover_controller/bin'
[4.526s] Level 1:colcon.colcon_core.environment:create_environment_scripts_only(rover_controller)
[4.528s] INFO:colcon.colcon_core.shell:Creating package script '/root/firmware/ros_workspace/src/install/rover_controller/share/rover_controller/package.ps1'
[4.532s] INFO:colcon.colcon_core.shell:Creating package descriptor '/root/firmware/ros_workspace/src/install/rover_controller/share/rover_controller/package.dsv'
[4.534s] INFO:colcon.colcon_core.shell:Creating package script '/root/firmware/ros_workspace/src/install/rover_controller/share/rover_controller/package.sh'
[4.538s] INFO:colcon.colcon_core.shell:Creating package script '/root/firmware/ros_workspace/src/install/rover_controller/share/rover_controller/package.bash'
[4.542s] INFO:colcon.colcon_core.shell:Creating package script '/root/firmware/ros_workspace/src/install/rover_controller/share/rover_controller/package.zsh'
[4.546s] Level 1:colcon.colcon_core.environment:create_file_with_runtime_dependencies(/root/firmware/ros_workspace/src/install/rover_controller/share/colcon-core/packages/rover_controller)
[4.549s] Level 1:colcon.colcon_core.environment:checking '/root/firmware/ros_workspace/src/install/rover_camera' for CMake module files
[4.554s] DEBUG:colcon.colcon_core.event_handler.log_command:Invoked command in '/root/firmware/ros_workspace/src/rover_camera' returned '0': PYTHONPATH=/root/firmware/ros_workspace/src/build/rover_camera/prefix_override:/usr/local/lib/python3.10/dist-packages/colcon_core/task/python/colcon_distutils_commands:/root/firmware/ros_workspace/src/install/rover_camera/lib/python3.10/site-packages: /usr/bin/python3 -W ignore:setup.py install is deprecated setup.py egg_info --egg-base ../build/rover_camera build --build-base /root/firmware/ros_workspace/src/build/rover_camera/build install --record /root/firmware/ros_workspace/src/build/rover_camera/install.log --single-version-externally-managed install_data
[4.557s] Level 1:colcon.colcon_core.environment:checking '/root/firmware/ros_workspace/src/install/rover_camera' for CMake config files
[4.560s] Level 1:colcon.colcon_core.environment:checking '/root/firmware/ros_workspace/src/install/rover_camera/lib'
[4.561s] Level 1:colcon.colcon_core.environment:checking '/root/firmware/ros_workspace/src/install/rover_camera/bin'
[4.561s] Level 1:colcon.colcon_core.environment:checking '/root/firmware/ros_workspace/src/install/rover_camera/lib/pkgconfig/rover_camera.pc'
[4.562s] Level 1:colcon.colcon_core.environment:checking '/root/firmware/ros_workspace/src/install/rover_camera/lib/python3.10/site-packages'
[4.563s] Level 1:colcon.colcon_core.shell:create_environment_hook('rover_camera', 'pythonpath')
[4.564s] INFO:colcon.colcon_core.shell:Creating environment hook '/root/firmware/ros_workspace/src/install/rover_camera/share/rover_camera/hook/pythonpath.ps1'
[4.566s] INFO:colcon.colcon_core.shell:Creating environment descriptor '/root/firmware/ros_workspace/src/install/rover_camera/share/rover_camera/hook/pythonpath.dsv'
[4.568s] INFO:colcon.colcon_core.shell:Creating environment hook '/root/firmware/ros_workspace/src/install/rover_camera/share/rover_camera/hook/pythonpath.sh'
[4.570s] Level 1:colcon.colcon_core.environment:checking '/root/firmware/ros_workspace/src/install/rover_camera/bin'
[4.571s] Level 1:colcon.colcon_core.environment:create_environment_scripts_only(rover_camera)
[4.572s] INFO:colcon.colcon_core.shell:Creating package script '/root/firmware/ros_workspace/src/install/rover_camera/share/rover_camera/package.ps1'
[4.574s] INFO:colcon.colcon_core.shell:Creating package descriptor '/root/firmware/ros_workspace/src/install/rover_camera/share/rover_camera/package.dsv'
[4.576s] INFO:colcon.colcon_core.shell:Creating package script '/root/firmware/ros_workspace/src/install/rover_camera/share/rover_camera/package.sh'
[4.577s] INFO:colcon.colcon_core.shell:Creating package script '/root/firmware/ros_workspace/src/install/rover_camera/share/rover_camera/package.bash'
[4.579s] INFO:colcon.colcon_core.shell:Creating package script '/root/firmware/ros_workspace/src/install/rover_camera/share/rover_camera/package.zsh'
[4.580s] Level 1:colcon.colcon_core.environment:create_file_with_runtime_dependencies(/root/firmware/ros_workspace/src/install/rover_camera/share/colcon-core/packages/rover_camera)
[4.582s] DEBUG:colcon.colcon_parallel_executor.executor.parallel:closing loop
[4.583s] DEBUG:colcon.colcon_parallel_executor.executor.parallel:loop closed
[4.584s] DEBUG:colcon.colcon_parallel_executor.executor.parallel:run_until_complete finished with '0'
[4.584s] DEBUG:colcon.colcon_core.event_reactor:joining thread
[4.595s] INFO:colcon.colcon_core.plugin_system:Skipping extension 'colcon_notification.desktop_notification.notify2': 'notify2' not found
[4.597s] INFO:colcon.colcon_core.plugin_system:Skipping extension 'colcon_notification.desktop_notification.notify_send': Could not find 'notify-send'
[4.597s] INFO:colcon.colcon_core.plugin_system:Skipping extension 'colcon_notification.desktop_notification.terminal_notifier': Not used on non-Darwin systems
[4.598s] INFO:colcon.colcon_core.plugin_system:Skipping extension 'colcon_notification.desktop_notification.win32': Not used on non-Windows systems
[4.599s] DEBUG:colcon.colcon_core.event_reactor:joined thread
[4.601s] INFO:colcon.colcon_core.shell:Creating prefix script '/root/firmware/ros_workspace/src/install/local_setup.ps1'
[4.608s] INFO:colcon.colcon_core.shell:Creating prefix util module '/root/firmware/ros_workspace/src/install/_local_setup_util_ps1.py'
[4.615s] INFO:colcon.colcon_core.shell:Creating prefix chain script '/root/firmware/ros_workspace/src/install/setup.ps1'
[4.619s] INFO:colcon.colcon_core.shell:Creating prefix script '/root/firmware/ros_workspace/src/install/local_setup.sh'
[4.622s] INFO:colcon.colcon_core.shell:Creating prefix util module '/root/firmware/ros_workspace/src/install/_local_setup_util_sh.py'
[4.624s] INFO:colcon.colcon_core.shell:Creating prefix chain script '/root/firmware/ros_workspace/src/install/setup.sh'
[4.629s] INFO:colcon.colcon_core.shell:Creating prefix script '/root/firmware/ros_workspace/src/install/local_setup.bash'
[4.632s] INFO:colcon.colcon_core.shell:Creating prefix chain script '/root/firmware/ros_workspace/src/install/setup.bash'
[4.636s] INFO:colcon.colcon_core.shell:Creating prefix script '/root/firmware/ros_workspace/src/install/local_setup.zsh'
[4.638s] INFO:colcon.colcon_core.shell:Creating prefix chain script '/root/firmware/ros_workspace/src/install/setup.zsh'
