[2.763s] Invoking command in '/root/firmware/ros_workspace/src/rover_camera': PYTHONPATH=/root/firmware/ros_workspace/build/rover_camera/prefix_override:/usr/lib/python3/dist-packages/colcon_core/task/python/colcon_distutils_commands:/root/firmware/ros_workspace/install/rover_camera/lib/python3.10/site-packages:${PYTHONPATH} /usr/bin/python3 -W ignore:setup.py install is deprecated setup.py egg_info --egg-base ../../build/rover_camera build --build-base /root/firmware/ros_workspace/build/rover_camera/build install --record /root/firmware/ros_workspace/build/rover_camera/install.log --single-version-externally-managed install_data
[3.551s] running egg_info
[3.553s] writing ../../build/rover_camera/rover_camera.egg-info/PKG-INFO
[3.556s] writing dependency_links to ../../build/rover_camera/rover_camera.egg-info/dependency_links.txt
[3.557s] writing entry points to ../../build/rover_camera/rover_camera.egg-info/entry_points.txt
[3.559s] writing requirements to ../../build/rover_camera/rover_camera.egg-info/requires.txt
[3.560s] writing top-level names to ../../build/rover_camera/rover_camera.egg-info/top_level.txt
[3.565s] reading manifest file '../../build/rover_camera/rover_camera.egg-info/SOURCES.txt'
[3.586s] writing manifest file '../../build/rover_camera/rover_camera.egg-info/SOURCES.txt'
[3.588s] running build
[3.588s] running build_py
[3.590s] running install
[3.591s] running install_lib
[3.595s] running install_data
[3.596s] running install_egg_info
[3.603s] removing '/root/firmware/ros_workspace/install/rover_camera/lib/python3.10/site-packages/rover_camera-0.0.0-py3.10.egg-info' (and everything under it)
[3.604s] Copying ../../build/rover_camera/rover_camera.egg-info to /root/firmware/ros_workspace/install/rover_camera/lib/python3.10/site-packages/rover_camera-0.0.0-py3.10.egg-info
[3.607s] running install_scripts
[3.690s] writing list of installed files to '/root/firmware/ros_workspace/build/rover_camera/install.log'
[3.875s] Invoked command in '/root/firmware/ros_workspace/src/rover_camera' returned '0': PYTHONPATH=/root/firmware/ros_workspace/build/rover_camera/prefix_override:/usr/lib/python3/dist-packages/colcon_core/task/python/colcon_distutils_commands:/root/firmware/ros_workspace/install/rover_camera/lib/python3.10/site-packages:${PYTHONPATH} /usr/bin/python3 -W ignore:setup.py install is deprecated setup.py egg_info --egg-base ../../build/rover_camera build --build-base /root/firmware/ros_workspace/build/rover_camera/build install --record /root/firmware/ros_workspace/build/rover_camera/install.log --single-version-externally-managed install_data
